c:\users\アジ\documents\授業\rpg制作\legendstory\debug\vc141.pdb
c:\users\アジ\documents\授業\rpg制作\legendstory\debug\vc141.idb
c:\users\アジ\documents\授業\rpg制作\legendstory\debug\sikaku.obj
c:\users\アジ\documents\授業\rpg制作\legendstory\debug\select.obj
c:\users\アジ\documents\授業\rpg制作\legendstory\debug\player.obj
c:\users\アジ\documents\授業\rpg制作\legendstory\debug\music.obj
c:\users\アジ\documents\授業\rpg制作\legendstory\debug\msg.obj
c:\users\アジ\documents\授業\rpg制作\legendstory\debug\menu.obj
c:\users\アジ\documents\授業\rpg制作\legendstory\debug\map.obj
c:\users\アジ\documents\授業\rpg制作\legendstory\debug\main.obj
c:\users\アジ\documents\授業\rpg制作\legendstory\debug\list.obj
c:\users\アジ\documents\授業\rpg制作\legendstory\debug\keydown.obj
c:\users\アジ\documents\授業\rpg制作\legendstory\debug\item.obj
c:\users\アジ\documents\授業\rpg制作\legendstory\debug\image.obj
c:\users\アジ\documents\授業\rpg制作\legendstory\debug\fps.obj
c:\users\アジ\documents\授業\rpg制作\legendstory\debug\font.obj
c:\users\アジ\documents\授業\rpg制作\legendstory\debug\enemy.obj
c:\users\アジ\documents\授業\rpg制作\legendstory\debug\effect.obj
c:\users\アジ\documents\授業\rpg制作\legendstory\debug\data.obj
c:\users\アジ\documents\授業\rpg制作\legendstory\debug\collision.obj
c:\users\アジ\documents\授業\rpg制作\legendstory\debug\charactor.obj
c:\users\アジ\documents\授業\rpg制作\legendstory\debug\animation.obj
c:\users\アジ\documents\授業\rpg制作\legendstory\debug\ui.obj
c:\users\アジ\documents\授業\rpg制作\legendstory\debug\legendstory.exe
c:\users\アジ\documents\授業\rpg制作\legendstory\debug\legendstory.ilk
c:\users\アジ\documents\授業\rpg制作\legendstory\debug\legendstory.pdb
c:\users\アジ\documents\授業\rpg制作\legendstory\debug\resource.res
c:\users\アジ\documents\授業\rpg制作\legendstory\debug\legendstory.tlog\cl.command.1.tlog
c:\users\アジ\documents\授業\rpg制作\legendstory\debug\legendstory.tlog\cl.read.1.tlog
c:\users\アジ\documents\授業\rpg制作\legendstory\debug\legendstory.tlog\cl.write.1.tlog
c:\users\アジ\documents\授業\rpg制作\legendstory\debug\legendstory.tlog\link.command.1.tlog
c:\users\アジ\documents\授業\rpg制作\legendstory\debug\legendstory.tlog\link.read.1.tlog
c:\users\アジ\documents\授業\rpg制作\legendstory\debug\legendstory.tlog\link.write.1.tlog
c:\users\アジ\documents\授業\rpg制作\legendstory\debug\legendstory.tlog\rc.command.1.tlog
c:\users\アジ\documents\授業\rpg制作\legendstory\debug\legendstory.tlog\rc.read.1.tlog
c:\users\アジ\documents\授業\rpg制作\legendstory\debug\legendstory.tlog\rc.write.1.tlog
