c:\users\兼子凌\documents\授業\3年授業\前期ゲーム制作\sansubattle\sansubattle\x64\debug\vc142.pdb
c:\users\兼子凌\documents\授業\3年授業\前期ゲーム制作\sansubattle\sansubattle\x64\debug\vc142.idb
c:\users\兼子凌\documents\授業\3年授業\前期ゲーム制作\sansubattle\sansubattle\x64\debug\title.obj
c:\users\兼子凌\documents\授業\3年授業\前期ゲーム制作\sansubattle\sansubattle\x64\debug\scene.obj
c:\users\兼子凌\documents\授業\3年授業\前期ゲーム制作\sansubattle\sansubattle\x64\debug\ranking.obj
c:\users\兼子凌\documents\授業\3年授業\前期ゲーム制作\sansubattle\sansubattle\x64\debug\music.obj
c:\users\兼子凌\documents\授業\3年授業\前期ゲーム制作\sansubattle\sansubattle\x64\debug\load.obj
c:\users\兼子凌\documents\授業\3年授業\前期ゲーム制作\sansubattle\sansubattle\x64\debug\keydown.obj
c:\users\兼子凌\documents\授業\3年授業\前期ゲーム制作\sansubattle\sansubattle\x64\debug\image.obj
c:\users\兼子凌\documents\授業\3年授業\前期ゲーム制作\sansubattle\sansubattle\x64\debug\fps.obj
c:\users\兼子凌\documents\授業\3年授業\前期ゲーム制作\sansubattle\sansubattle\x64\debug\end.obj
c:\users\兼子凌\documents\授業\3年授業\前期ゲーム制作\sansubattle\sansubattle\x64\debug\button.obj
c:\users\兼子凌\documents\授業\3年授業\前期ゲーム制作\sansubattle\sansubattle\x64\debug\play.obj
c:\users\兼子凌\documents\授業\3年授業\前期ゲーム制作\sansubattle\sansubattle\x64\debug\main.obj
c:\users\兼子凌\documents\授業\3年授業\前期ゲーム制作\sansubattle\sansubattle\x64\debug\mouse.obj
c:\users\兼子凌\documents\授業\3年授業\前期ゲーム制作\sansubattle\sansubattle\x64\debug\font.obj
c:\users\兼子凌\documents\授業\3年授業\前期ゲーム制作\sansubattle\sansubattle\x64\debug\select.obj
c:\users\兼子凌\documents\授業\3年授業\前期ゲーム制作\sansubattle\sansubattle\x64\debug\group.obj
c:\users\兼子凌\documents\授業\3年授業\前期ゲーム制作\sansubattle\sansubattle\x64\debug\player.obj
c:\users\兼子凌\documents\授業\3年授業\前期ゲーム制作\sansubattle\sansubattle\x64\debug\enemy.obj
c:\users\兼子凌\documents\授業\3年授業\前期ゲーム制作\sansubattle\sansubattle\x64\debug\charactor.obj
c:\users\兼子凌\documents\授業\3年授業\前期ゲーム制作\sansubattle\sansubattle\x64\debug\question.obj
c:\users\兼子凌\documents\授業\3年授業\前期ゲーム制作\sansubattle\sansubattle\x64\debug\effect.obj
c:\users\兼子凌\documents\授業\3年授業\前期ゲーム制作\sansubattle\sansubattle\x64\debug\data.obj
c:\users\兼子凌\documents\授業\3年授業\前期ゲーム制作\sansubattle\sansubattle\x64\debug\animation.obj
c:\users\兼子凌\documents\授業\3年授業\前期ゲーム制作\sansubattle\sansubattle\x64\debug\time.obj
c:\users\兼子凌\documents\授業\3年授業\前期ゲーム制作\sansubattle\sansubattle\x64\debug\score.obj
c:\users\兼子凌\documents\授業\3年授業\前期ゲーム制作\sansubattle\sansubattle\x64\debug\save.obj
c:\users\兼子凌\documents\授業\3年授業\前期ゲーム制作\sansubattle\x64\debug\sansubattle.exe
c:\users\兼子凌\documents\授業\3年授業\前期ゲーム制作\sansubattle\x64\debug\sansubattle.ilk
c:\users\兼子凌\documents\授業\3年授業\前期ゲーム制作\sansubattle\x64\debug\sansubattle.pdb
c:\users\兼子凌\documents\授業\3年授業\前期ゲーム制作\sansubattle\sansubattle\x64\debug\resource.res
c:\users\兼子凌\documents\就職\作品\ソースファイル\sansubattle\sansubattle\x64\debug\animation.obj
c:\users\兼子凌\documents\就職\作品\ソースファイル\sansubattle\sansubattle\x64\debug\button.obj
c:\users\兼子凌\documents\就職\作品\ソースファイル\sansubattle\sansubattle\x64\debug\charactor.obj
c:\users\兼子凌\documents\就職\作品\ソースファイル\sansubattle\sansubattle\x64\debug\data.obj
c:\users\兼子凌\documents\就職\作品\ソースファイル\sansubattle\sansubattle\x64\debug\effect.obj
c:\users\兼子凌\documents\就職\作品\ソースファイル\sansubattle\sansubattle\x64\debug\end.obj
c:\users\兼子凌\documents\就職\作品\ソースファイル\sansubattle\sansubattle\x64\debug\enemy.obj
c:\users\兼子凌\documents\就職\作品\ソースファイル\sansubattle\sansubattle\x64\debug\font.obj
c:\users\兼子凌\documents\就職\作品\ソースファイル\sansubattle\sansubattle\x64\debug\fps.obj
c:\users\兼子凌\documents\就職\作品\ソースファイル\sansubattle\sansubattle\x64\debug\group.obj
c:\users\兼子凌\documents\就職\作品\ソースファイル\sansubattle\sansubattle\x64\debug\image.obj
c:\users\兼子凌\documents\就職\作品\ソースファイル\sansubattle\sansubattle\x64\debug\keydown.obj
c:\users\兼子凌\documents\就職\作品\ソースファイル\sansubattle\sansubattle\x64\debug\load.obj
c:\users\兼子凌\documents\就職\作品\ソースファイル\sansubattle\sansubattle\x64\debug\main.obj
c:\users\兼子凌\documents\就職\作品\ソースファイル\sansubattle\sansubattle\x64\debug\mouse.obj
c:\users\兼子凌\documents\就職\作品\ソースファイル\sansubattle\sansubattle\x64\debug\music.obj
c:\users\兼子凌\documents\就職\作品\ソースファイル\sansubattle\sansubattle\x64\debug\play.obj
c:\users\兼子凌\documents\就職\作品\ソースファイル\sansubattle\sansubattle\x64\debug\player.obj
c:\users\兼子凌\documents\就職\作品\ソースファイル\sansubattle\sansubattle\x64\debug\question.obj
c:\users\兼子凌\documents\就職\作品\ソースファイル\sansubattle\sansubattle\x64\debug\ranking.obj
c:\users\兼子凌\documents\就職\作品\ソースファイル\sansubattle\sansubattle\x64\debug\save.obj
c:\users\兼子凌\documents\就職\作品\ソースファイル\sansubattle\sansubattle\x64\debug\scene.obj
c:\users\兼子凌\documents\就職\作品\ソースファイル\sansubattle\sansubattle\x64\debug\score.obj
c:\users\兼子凌\documents\就職\作品\ソースファイル\sansubattle\sansubattle\x64\debug\select.obj
c:\users\兼子凌\documents\就職\作品\ソースファイル\sansubattle\sansubattle\x64\debug\time.obj
c:\users\兼子凌\documents\就職\作品\ソースファイル\sansubattle\sansubattle\x64\debug\title.obj
c:\users\兼子凌\documents\就職\作品\ソースファイル\sansubattle\sansubattle\x64\debug\resource.res
c:\users\兼子凌\documents\就職\作品\ソースファイル\sansubattle\sansubattle\x64\debug\vc142.idb
c:\users\兼子凌\documents\就職\作品\ソースファイル\sansubattle\sansubattle\x64\debug\vc142.pdb
c:\users\兼子凌\documents\就職\作品\ソースファイル\sansubattle\x64\debug\sansubattle.pdb
c:\users\兼子凌\documents\就職\作品\ソースファイル\sansubattle\x64\debug\sansubattle.exe
c:\users\兼子凌\documents\就職\作品\ソースファイル\sansubattle\x64\debug\sansubattle.ilk
c:\users\兼子凌\documents\就職\作品\ソースファイル\sansubattle\sansubattle\x64\debug\sansubattle.tlog\cl.command.1.tlog
c:\users\兼子凌\documents\就職\作品\ソースファイル\sansubattle\sansubattle\x64\debug\sansubattle.tlog\cl.read.1.tlog
c:\users\兼子凌\documents\就職\作品\ソースファイル\sansubattle\sansubattle\x64\debug\sansubattle.tlog\cl.write.1.tlog
c:\users\兼子凌\documents\就職\作品\ソースファイル\sansubattle\sansubattle\x64\debug\sansubattle.tlog\link.command.1.tlog
c:\users\兼子凌\documents\就職\作品\ソースファイル\sansubattle\sansubattle\x64\debug\sansubattle.tlog\link.read.1.tlog
c:\users\兼子凌\documents\就職\作品\ソースファイル\sansubattle\sansubattle\x64\debug\sansubattle.tlog\link.write.1.tlog
c:\users\兼子凌\documents\就職\作品\ソースファイル\sansubattle\sansubattle\x64\debug\sansubattle.tlog\rc.command.1.tlog
c:\users\兼子凌\documents\就職\作品\ソースファイル\sansubattle\sansubattle\x64\debug\sansubattle.tlog\rc.read.1.tlog
c:\users\兼子凌\documents\就職\作品\ソースファイル\sansubattle\sansubattle\x64\debug\sansubattle.tlog\rc.write.1.tlog
